2024-10-21 07:36:34:3634 [32minfo[39m: [32mServicio Iniciado en el frigorífico: Emelka Chichinales  [39m
2024-10-21 07:36:34:3634 [32minfo[39m: [32mSe obtuvo con exito la lista de sensores de la api[39m
2024-10-21 07:36:34:3634 [32minfo[39m: [32mConexión exitosa a la base de datos[39m
2024-10-21 07:36:34:3634 [31merror[39m: [31mNo se pudiero leer valores de la base de datos local del roka[39m
2024-10-21 07:37:50:3750 [32minfo[39m: [32mServicio Iniciado en el frigorífico: Emelka Chichinales  [39m
2024-10-21 07:37:50:3750 [32minfo[39m: [32mConexión exitosa a la base de datos[39m
2024-10-21 07:37:50:3750 [32minfo[39m: [32mSe obtuvo con exito la lista de sensores de la api[39m
2024-10-21 07:37:50:3750 [32minfo[39m: [32mSe envían valores a la api[39m
2024-10-21 07:39:51:3951 [32minfo[39m: [32mSe envían valores a la api[39m
2024-10-21 07:41:51:4151 [32minfo[39m: [32mSe envían valores a la api[39m
2024-10-21 07:43:52:4352 [32minfo[39m: [32mSe envían valores a la api[39m
2024-10-21 07:45:52:4552 [32minfo[39m: [32mSe envían valores a la api[39m
2024-10-21 07:47:53:4753 [32minfo[39m: [32mSe envían valores a la api[39m
2024-10-21 07:49:53:4953 [32minfo[39m: [32mSe envían valores a la api[39m
2024-10-21 07:51:53:5153 [32minfo[39m: [32mSe envían valores a la api[39m
2024-10-21 07:53:54:5354 [32minfo[39m: [32mSe envían valores a la api[39m
2024-10-21 07:55:54:5554 [32minfo[39m: [32mSe envían valores a la api[39m
2024-10-21 07:57:55:5755 [32minfo[39m: [32mSe envían valores a la api[39m
2024-10-21 07:59:55:5955 [32minfo[39m: [32mSe envían valores a la api[39m
2024-10-21 08:01:55:155 [32minfo[39m: [32mSe envían valores a la api[39m
2024-10-21 08:03:56:356 [32minfo[39m: [32mSe envían valores a la api[39m
2024-10-21 08:05:56:556 [32minfo[39m: [32mSe envían valores a la api[39m
2024-10-21 08:07:57:757 [32minfo[39m: [32mSe envían valores a la api[39m
2024-10-21 08:09:57:957 [32minfo[39m: [32mSe envían valores a la api[39m
2024-10-21 08:11:57:1157 [32minfo[39m: [32mSe envían valores a la api[39m
2024-10-21 08:13:58:1358 [32minfo[39m: [32mSe envían valores a la api[39m
2024-10-21 08:15:58:1558 [32minfo[39m: [32mSe envían valores a la api[39m
2024-10-21 08:17:58:1758 [32minfo[39m: [32mSe envían valores a la api[39m
2024-10-21 08:19:59:1959 [32minfo[39m: [32mSe envían valores a la api[39m
2024-10-21 08:21:59:2159 [32minfo[39m: [32mSe envían valores a la api[39m
2024-10-21 08:23:59:2359 [32minfo[39m: [32mSe envían valores a la api[39m
2024-10-21 08:26:00:260 [32minfo[39m: [32mSe envían valores a la api[39m
2024-10-21 08:28:00:280 [32minfo[39m: [32mSe envían valores a la api[39m
2024-10-21 08:30:00:300 [32minfo[39m: [32mSe envían valores a la api[39m
2024-10-21 08:32:01:321 [32minfo[39m: [32mSe envían valores a la api[39m
2024-10-21 08:34:01:341 [32minfo[39m: [32mSe envían valores a la api[39m
2024-10-21 08:36:01:361 [32minfo[39m: [32mSe envían valores a la api[39m
2024-10-21 08:38:02:382 [32minfo[39m: [32mSe envían valores a la api[39m
2024-10-21 08:40:02:402 [32minfo[39m: [32mSe envían valores a la api[39m
2024-10-21 08:42:02:422 [32minfo[39m: [32mSe envían valores a la api[39m
2024-10-21 08:44:03:443 [32minfo[39m: [32mSe envían valores a la api[39m
2024-10-21 08:46:03:463 [32minfo[39m: [32mSe envían valores a la api[39m
2024-10-21 08:48:04:484 [32minfo[39m: [32mSe envían valores a la api[39m
2024-10-21 08:50:04:504 [32minfo[39m: [32mSe envían valores a la api[39m
2024-10-21 08:52:04:524 [32minfo[39m: [32mSe envían valores a la api[39m
2024-10-21 08:54:05:545 [32minfo[39m: [32mSe envían valores a la api[39m
2024-10-21 08:56:05:565 [32minfo[39m: [32mSe envían valores a la api[39m
2024-10-21 08:58:05:585 [32minfo[39m: [32mSe envían valores a la api[39m
2024-10-21 09:00:06:06 [32minfo[39m: [32mSe envían valores a la api[39m
2024-10-21 09:02:06:26 [32minfo[39m: [32mSe envían valores a la api[39m
2024-10-21 09:04:06:46 [32minfo[39m: [32mSe envían valores a la api[39m
2024-10-21 09:06:07:67 [32minfo[39m: [32mSe envían valores a la api[39m
2024-10-21 09:08:07:87 [32minfo[39m: [32mSe envían valores a la api[39m
2024-10-21 09:10:08:108 [32minfo[39m: [32mSe envían valores a la api[39m
2024-10-21 09:12:08:128 [32minfo[39m: [32mSe envían valores a la api[39m
2024-10-21 09:14:08:148 [32minfo[39m: [32mSe envían valores a la api[39m
2024-10-21 09:16:09:169 [32minfo[39m: [32mSe envían valores a la api[39m
2024-10-21 09:18:09:189 [32minfo[39m: [32mSe envían valores a la api[39m
2024-10-21 09:20:09:209 [32minfo[39m: [32mSe envían valores a la api[39m
2024-10-21 09:22:10:2210 [32minfo[39m: [32mSe envían valores a la api[39m
2024-10-21 09:24:10:2410 [32minfo[39m: [32mSe envían valores a la api[39m
2024-10-21 09:26:10:2610 [32minfo[39m: [32mSe envían valores a la api[39m
2024-10-21 09:28:11:2811 [32minfo[39m: [32mSe envían valores a la api[39m
2024-10-21 09:30:11:3011 [32minfo[39m: [32mSe envían valores a la api[39m
2024-10-21 09:32:11:3211 [32minfo[39m: [32mSe envían valores a la api[39m
2024-10-21 09:34:12:3412 [32minfo[39m: [32mSe envían valores a la api[39m
2024-10-21 09:36:12:3612 [32minfo[39m: [32mSe envían valores a la api[39m
2024-10-21 09:38:13:3813 [32minfo[39m: [32mSe envían valores a la api[39m
2024-10-21 09:40:13:4013 [32minfo[39m: [32mSe envían valores a la api[39m
2024-10-21 09:42:13:4213 [32minfo[39m: [32mSe envían valores a la api[39m
2024-10-21 09:44:14:4414 [32minfo[39m: [32mSe envían valores a la api[39m
2024-10-21 09:46:14:4614 [32minfo[39m: [32mSe envían valores a la api[39m
2024-10-21 09:48:14:4814 [32minfo[39m: [32mSe envían valores a la api[39m
2024-10-21 09:50:14:5014 [32minfo[39m: [32mSe envían valores a la api[39m
2024-10-21 09:52:15:5215 [32minfo[39m: [32mSe envían valores a la api[39m
2024-10-21 09:54:15:5415 [32minfo[39m: [32mSe envían valores a la api[39m
2024-10-21 09:56:15:5615 [32minfo[39m: [32mSe envían valores a la api[39m
2024-10-21 09:58:16:5816 [32minfo[39m: [32mSe envían valores a la api[39m
2024-10-21 10:00:16:016 [32minfo[39m: [32mSe envían valores a la api[39m
2024-10-21 10:02:17:217 [32minfo[39m: [32mSe envían valores a la api[39m
2024-10-21 10:04:18:418 [32minfo[39m: [32mSe envían valores a la api[39m
2024-10-21 10:06:18:618 [32minfo[39m: [32mSe envían valores a la api[39m
2024-10-21 10:08:18:818 [32minfo[39m: [32mSe envían valores a la api[39m
2024-10-21 10:10:19:1019 [32minfo[39m: [32mSe envían valores a la api[39m
2024-10-21 10:12:19:1219 [32minfo[39m: [32mSe envían valores a la api[39m
2024-10-21 10:14:19:1419 [32minfo[39m: [32mSe envían valores a la api[39m
2024-10-21 10:16:20:1620 [32minfo[39m: [32mSe envían valores a la api[39m
2024-10-21 10:18:20:1820 [32minfo[39m: [32mSe envían valores a la api[39m
2024-10-21 10:20:20:2020 [32minfo[39m: [32mSe envían valores a la api[39m
2024-10-21 10:22:21:2221 [32minfo[39m: [32mSe envían valores a la api[39m
2024-10-21 10:24:21:2421 [32minfo[39m: [32mSe envían valores a la api[39m
2024-10-21 10:26:22:2622 [32minfo[39m: [32mSe envían valores a la api[39m
2024-10-21 10:28:22:2822 [32minfo[39m: [32mSe envían valores a la api[39m
2024-10-21 10:30:22:3022 [32minfo[39m: [32mSe envían valores a la api[39m
2024-10-21 10:32:23:3223 [32minfo[39m: [32mSe envían valores a la api[39m
2024-10-21 10:34:23:3423 [32minfo[39m: [32mSe envían valores a la api[39m
2024-10-21 10:36:23:3623 [32minfo[39m: [32mSe envían valores a la api[39m
2024-10-21 10:38:24:3824 [32minfo[39m: [32mSe envían valores a la api[39m
2024-10-21 10:40:24:4024 [32minfo[39m: [32mSe envían valores a la api[39m
2024-10-21 10:42:24:4224 [32minfo[39m: [32mSe envían valores a la api[39m
2024-10-21 10:44:25:4425 [32minfo[39m: [32mSe envían valores a la api[39m
2024-10-21 10:46:25:4625 [32minfo[39m: [32mSe envían valores a la api[39m
2024-10-21 10:48:25:4825 [32minfo[39m: [32mSe envían valores a la api[39m
2024-10-21 10:50:26:5026 [32minfo[39m: [32mSe envían valores a la api[39m
2024-10-21 10:52:26:5226 [32minfo[39m: [32mSe envían valores a la api[39m
2024-10-21 10:54:26:5426 [32minfo[39m: [32mSe envían valores a la api[39m
2024-10-21 10:56:27:5627 [32minfo[39m: [32mSe envían valores a la api[39m
2024-10-21 10:58:27:5827 [32minfo[39m: [32mSe envían valores a la api[39m
2024-10-21 11:00:27:027 [32minfo[39m: [32mSe envían valores a la api[39m
2024-10-21 11:02:28:228 [32minfo[39m: [32mSe envían valores a la api[39m
2024-10-21 11:04:28:428 [32minfo[39m: [32mSe envían valores a la api[39m
2024-10-21 11:06:28:628 [32minfo[39m: [32mSe envían valores a la api[39m
2024-10-21 11:08:29:829 [32minfo[39m: [32mSe envían valores a la api[39m
2024-10-21 11:10:29:1029 [32minfo[39m: [32mSe envían valores a la api[39m
2024-10-21 11:12:29:1229 [32minfo[39m: [32mSe envían valores a la api[39m
2024-10-21 11:14:30:1430 [32minfo[39m: [32mSe envían valores a la api[39m
2024-10-21 11:16:30:1630 [32minfo[39m: [32mSe envían valores a la api[39m
2024-10-21 11:18:31:1831 [32minfo[39m: [32mSe envían valores a la api[39m
2024-10-21 11:20:31:2031 [32minfo[39m: [32mSe envían valores a la api[39m
2024-10-21 11:22:32:2232 [32minfo[39m: [32mSe envían valores a la api[39m
2024-10-21 11:24:32:2432 [32minfo[39m: [32mSe envían valores a la api[39m
2024-10-21 11:26:33:2633 [32minfo[39m: [32mSe envían valores a la api[39m
2024-10-21 11:28:33:2833 [32minfo[39m: [32mSe envían valores a la api[39m
2024-10-21 11:30:34:3034 [32minfo[39m: [32mSe envían valores a la api[39m
2024-10-21 11:32:34:3234 [32minfo[39m: [32mSe envían valores a la api[39m
2024-10-21 11:34:35:3435 [32minfo[39m: [32mSe envían valores a la api[39m
2024-10-21 11:36:35:3635 [32minfo[39m: [32mSe envían valores a la api[39m
2024-10-21 11:38:35:3835 [32minfo[39m: [32mSe envían valores a la api[39m
2024-10-21 11:40:36:4036 [32minfo[39m: [32mSe envían valores a la api[39m
2024-10-21 11:42:36:4236 [32minfo[39m: [32mSe envían valores a la api[39m
2024-10-21 11:44:37:4437 [32minfo[39m: [32mSe envían valores a la api[39m
2024-10-21 11:46:37:4637 [32minfo[39m: [32mSe envían valores a la api[39m
2024-10-21 11:48:37:4837 [32minfo[39m: [32mSe envían valores a la api[39m
2024-10-21 11:50:38:5038 [32minfo[39m: [32mSe envían valores a la api[39m
2024-10-21 11:52:38:5238 [32minfo[39m: [32mSe envían valores a la api[39m
2024-10-21 11:54:38:5438 [32minfo[39m: [32mSe envían valores a la api[39m
2024-10-21 11:56:39:5639 [32minfo[39m: [32mSe envían valores a la api[39m
2024-10-21 11:58:39:5839 [32minfo[39m: [32mSe envían valores a la api[39m
2024-10-21 12:00:39:039 [32minfo[39m: [32mSe envían valores a la api[39m
2024-10-21 12:02:40:240 [32minfo[39m: [32mSe envían valores a la api[39m
2024-10-21 12:04:40:440 [32minfo[39m: [32mSe envían valores a la api[39m
2024-10-21 12:06:40:640 [32minfo[39m: [32mSe envían valores a la api[39m
2024-10-21 12:08:40:840 [32minfo[39m: [32mSe envían valores a la api[39m
2024-10-21 12:10:41:1041 [32minfo[39m: [32mSe envían valores a la api[39m
2024-10-21 12:12:41:1241 [32minfo[39m: [32mSe envían valores a la api[39m
2024-10-21 12:14:41:1441 [32minfo[39m: [32mSe envían valores a la api[39m
2024-10-21 12:16:42:1642 [32minfo[39m: [32mSe envían valores a la api[39m
2024-10-21 12:18:42:1842 [32minfo[39m: [32mSe envían valores a la api[39m
2024-10-21 12:20:42:2042 [32minfo[39m: [32mSe envían valores a la api[39m
2024-10-21 12:22:43:2243 [32minfo[39m: [32mSe envían valores a la api[39m
2024-10-21 12:24:43:2443 [32minfo[39m: [32mSe envían valores a la api[39m
2024-10-21 12:26:43:2643 [32minfo[39m: [32mSe envían valores a la api[39m
2024-10-21 12:28:44:2844 [32minfo[39m: [32mSe envían valores a la api[39m
2024-10-21 12:30:44:3044 [32minfo[39m: [32mSe envían valores a la api[39m
2024-10-21 12:32:44:3244 [32minfo[39m: [32mSe envían valores a la api[39m
2024-10-21 12:34:45:3445 [32minfo[39m: [32mSe envían valores a la api[39m
2024-10-21 12:36:45:3645 [32minfo[39m: [32mSe envían valores a la api[39m
2024-10-21 12:38:45:3845 [32minfo[39m: [32mSe envían valores a la api[39m
2024-10-21 12:40:45:4045 [32minfo[39m: [32mSe envían valores a la api[39m
2024-10-21 12:42:46:4246 [32minfo[39m: [32mSe envían valores a la api[39m
2024-10-21 12:44:46:4446 [32minfo[39m: [32mSe envían valores a la api[39m
2024-10-21 12:46:46:4646 [32minfo[39m: [32mSe envían valores a la api[39m
2024-10-21 12:48:47:4847 [32minfo[39m: [32mSe envían valores a la api[39m
2024-10-21 12:50:47:5047 [32minfo[39m: [32mSe envían valores a la api[39m
2024-10-21 12:52:47:5247 [32minfo[39m: [32mSe envían valores a la api[39m
2024-10-21 12:54:48:5448 [32minfo[39m: [32mSe envían valores a la api[39m
2024-10-21 12:56:48:5648 [32minfo[39m: [32mSe envían valores a la api[39m
2024-10-21 12:58:48:5848 [32minfo[39m: [32mSe envían valores a la api[39m
2024-10-21 13:00:49:049 [32minfo[39m: [32mSe envían valores a la api[39m
2024-10-21 13:02:49:249 [32minfo[39m: [32mSe envían valores a la api[39m
2024-10-21 13:04:49:449 [32minfo[39m: [32mSe envían valores a la api[39m
2024-10-21 13:06:50:650 [32minfo[39m: [32mSe envían valores a la api[39m
2024-10-21 13:08:50:850 [32minfo[39m: [32mSe envían valores a la api[39m
2024-10-21 13:10:50:1050 [32minfo[39m: [32mSe envían valores a la api[39m
2024-10-21 13:12:51:1251 [32minfo[39m: [32mSe envían valores a la api[39m
2024-10-21 13:14:51:1451 [32minfo[39m: [32mSe envían valores a la api[39m
2024-10-21 13:16:51:1651 [32minfo[39m: [32mSe envían valores a la api[39m
2024-10-21 13:18:51:1851 [32minfo[39m: [32mSe envían valores a la api[39m
2024-10-21 13:20:52:2052 [32minfo[39m: [32mSe envían valores a la api[39m
2024-10-21 13:22:52:2252 [32minfo[39m: [32mSe envían valores a la api[39m
2024-10-21 13:24:53:2453 [32minfo[39m: [32mSe envían valores a la api[39m
2024-10-21 13:26:53:2653 [32minfo[39m: [32mSe envían valores a la api[39m
2024-10-21 13:28:53:2853 [32minfo[39m: [32mSe envían valores a la api[39m
2024-10-21 13:30:53:3053 [32minfo[39m: [32mSe envían valores a la api[39m
2024-10-21 13:32:54:3254 [32minfo[39m: [32mSe envían valores a la api[39m
2024-10-21 13:34:54:3454 [32minfo[39m: [32mSe envían valores a la api[39m
2024-10-21 13:36:54:3654 [32minfo[39m: [32mSe envían valores a la api[39m
2024-10-21 13:38:55:3855 [32minfo[39m: [32mSe envían valores a la api[39m
2024-10-21 13:40:55:4055 [32minfo[39m: [32mSe envían valores a la api[39m
2024-10-21 13:42:55:4255 [32minfo[39m: [32mSe envían valores a la api[39m
2024-10-21 13:44:56:4456 [32minfo[39m: [32mSe envían valores a la api[39m
2024-10-21 13:46:56:4656 [32minfo[39m: [32mSe envían valores a la api[39m
2024-10-21 13:48:57:4857 [32minfo[39m: [32mSe envían valores a la api[39m
2024-10-21 13:50:57:5057 [32minfo[39m: [32mSe envían valores a la api[39m
2024-10-21 13:52:57:5257 [32minfo[39m: [32mSe envían valores a la api[39m
2024-10-21 13:54:58:5458 [32minfo[39m: [32mSe envían valores a la api[39m
2024-10-21 13:56:58:5658 [32minfo[39m: [32mSe envían valores a la api[39m
2024-10-21 13:58:59:5859 [32minfo[39m: [32mSe envían valores a la api[39m
2024-10-21 14:00:59:059 [32minfo[39m: [32mSe envían valores a la api[39m
2024-10-21 14:02:59:259 [32minfo[39m: [32mSe envían valores a la api[39m
2024-10-21 14:05:00:50 [32minfo[39m: [32mSe envían valores a la api[39m
2024-10-21 14:07:00:70 [32minfo[39m: [32mSe envían valores a la api[39m
2024-10-21 14:09:01:91 [32minfo[39m: [32mSe envían valores a la api[39m
2024-10-21 14:11:01:111 [32minfo[39m: [32mSe envían valores a la api[39m
2024-10-21 14:13:01:131 [32minfo[39m: [32mSe envían valores a la api[39m
2024-10-21 14:15:02:152 [32minfo[39m: [32mSe envían valores a la api[39m
2024-10-21 14:17:02:172 [32minfo[39m: [32mSe envían valores a la api[39m
2024-10-21 14:19:02:192 [32minfo[39m: [32mSe envían valores a la api[39m
2024-10-21 14:21:03:213 [32minfo[39m: [32mSe envían valores a la api[39m
2024-10-21 14:23:03:233 [32minfo[39m: [32mSe envían valores a la api[39m
2024-10-21 14:25:04:254 [32minfo[39m: [32mSe envían valores a la api[39m
2024-10-21 14:27:04:274 [32minfo[39m: [32mSe envían valores a la api[39m
2024-10-21 14:29:04:294 [32minfo[39m: [32mSe envían valores a la api[39m
2024-10-21 14:31:05:315 [32minfo[39m: [32mSe envían valores a la api[39m
2024-10-21 14:33:05:335 [32minfo[39m: [32mSe envían valores a la api[39m
2024-10-21 14:35:05:355 [32minfo[39m: [32mSe envían valores a la api[39m
2024-10-21 14:37:05:375 [32minfo[39m: [32mSe envían valores a la api[39m
2024-10-21 14:39:06:396 [32minfo[39m: [32mSe envían valores a la api[39m
2024-10-21 14:41:06:416 [32minfo[39m: [32mSe envían valores a la api[39m
2024-10-21 14:43:06:436 [32minfo[39m: [32mSe envían valores a la api[39m
2024-10-21 14:45:07:457 [32minfo[39m: [32mSe envían valores a la api[39m
2024-10-21 14:47:07:477 [32minfo[39m: [32mSe envían valores a la api[39m
2024-10-21 14:49:07:497 [32minfo[39m: [32mSe envían valores a la api[39m
2024-10-21 14:51:08:518 [32minfo[39m: [32mSe envían valores a la api[39m
2024-10-21 14:53:08:538 [32minfo[39m: [32mSe envían valores a la api[39m
2024-10-21 14:55:08:558 [32minfo[39m: [32mSe envían valores a la api[39m
2024-10-21 14:57:09:579 [32minfo[39m: [32mSe envían valores a la api[39m
2024-10-21 14:59:09:599 [32minfo[39m: [32mSe envían valores a la api[39m
2024-10-21 15:01:09:19 [32minfo[39m: [32mSe envían valores a la api[39m
2024-10-21 15:03:10:310 [32minfo[39m: [32mSe envían valores a la api[39m
2024-10-21 15:05:10:510 [32minfo[39m: [32mSe envían valores a la api[39m
2024-10-21 15:07:10:710 [32minfo[39m: [32mSe envían valores a la api[39m
2024-10-21 15:09:10:910 [32minfo[39m: [32mSe envían valores a la api[39m
2024-10-21 15:11:11:1111 [32minfo[39m: [32mSe envían valores a la api[39m
2024-10-21 15:13:11:1311 [32minfo[39m: [32mSe envían valores a la api[39m
2024-10-21 15:15:11:1511 [32minfo[39m: [32mSe envían valores a la api[39m
2024-10-21 15:17:12:1712 [32minfo[39m: [32mSe envían valores a la api[39m
2024-10-21 15:19:12:1912 [32minfo[39m: [32mSe envían valores a la api[39m
2024-10-21 15:21:12:2112 [32minfo[39m: [32mSe envían valores a la api[39m
2024-10-21 15:23:13:2313 [32minfo[39m: [32mSe envían valores a la api[39m
2024-10-21 15:25:13:2513 [32minfo[39m: [32mSe envían valores a la api[39m
2024-10-21 15:27:13:2713 [32minfo[39m: [32mSe envían valores a la api[39m
2024-10-21 15:29:14:2914 [32minfo[39m: [32mSe envían valores a la api[39m
2024-10-21 15:31:14:3114 [32minfo[39m: [32mSe envían valores a la api[39m
2024-10-21 15:33:14:3314 [32minfo[39m: [32mSe envían valores a la api[39m
2024-10-21 15:35:14:3514 [32minfo[39m: [32mSe envían valores a la api[39m
2024-10-21 15:37:15:3715 [32minfo[39m: [32mSe envían valores a la api[39m
2024-10-21 15:39:15:3915 [32minfo[39m: [32mSe envían valores a la api[39m
2024-10-21 15:41:15:4115 [32minfo[39m: [32mSe envían valores a la api[39m
2024-10-21 15:43:16:4316 [32minfo[39m: [32mSe envían valores a la api[39m
2024-10-21 15:45:16:4516 [32minfo[39m: [32mSe envían valores a la api[39m
2024-10-21 15:47:16:4716 [32minfo[39m: [32mSe envían valores a la api[39m
2024-10-21 15:49:17:4917 [32minfo[39m: [32mSe envían valores a la api[39m
2024-10-21 15:51:17:5117 [32minfo[39m: [32mSe envían valores a la api[39m
2024-10-21 15:53:17:5317 [32minfo[39m: [32mSe envían valores a la api[39m
2024-10-21 15:55:18:5518 [32minfo[39m: [32mSe envían valores a la api[39m
2024-10-21 15:57:18:5718 [32minfo[39m: [32mSe envían valores a la api[39m
2024-10-21 15:59:18:5918 [32minfo[39m: [32mSe envían valores a la api[39m
2024-10-21 16:01:19:119 [32minfo[39m: [32mSe envían valores a la api[39m
2024-10-21 16:03:19:319 [32minfo[39m: [32mSe envían valores a la api[39m
2024-10-21 16:05:19:519 [32minfo[39m: [32mSe envían valores a la api[39m
2024-10-21 16:07:20:720 [32minfo[39m: [32mSe envían valores a la api[39m
2024-10-21 16:09:20:920 [32minfo[39m: [32mSe envían valores a la api[39m
2024-10-21 16:11:20:1120 [32minfo[39m: [32mSe envían valores a la api[39m
2024-10-21 16:11:22:1122 [31merror[39m: [31mError al enviar valores a la api con errorconnect ECONNREFUSED 192.168.0.239:8000[39m
