2024-10-17 11:41:14:4114 [32minfo[39m: [32mServicio Iniciado corriendo en el puerto 3001[39m
2024-10-17 11:41:15:4115 [32minfo[39m: [32mSe obtuvo con exito la lista de sensores de la api[39m
2024-10-17 11:48:05:485 [32minfo[39m: [32mServicio Iniciado[39m
2024-10-17 11:48:05:485 [32minfo[39m: [32mSe obtuvo con exito la lista de sensores de la api[39m
2024-10-17 11:48:05:485 [32minfo[39m: [32mSe envían valores de la api[39m
2024-10-17 11:50:05:505 [32minfo[39m: [32mSe envían valores de la api[39m
2024-10-17 11:52:06:526 [32minfo[39m: [32mSe envían valores de la api[39m
2024-10-17 11:53:56:5356 [32minfo[39m: [32mServicio Iniciado en el frigorífico: Emelka Chichinales  [39m
2024-10-17 11:53:56:5356 [32minfo[39m: [32mSe obtuvo con exito la lista de sensores de la api[39m
2024-10-17 11:53:56:5356 [32minfo[39m: [32mSe envían valores de la api[39m
2024-10-17 11:55:57:5557 [32minfo[39m: [32mSe envían valores de la api[39m
2024-10-17 11:57:57:5757 [32minfo[39m: [32mSe envían valores de la api[39m
2024-10-17 11:59:57:5957 [32minfo[39m: [32mSe envían valores de la api[39m
2024-10-17 12:01:58:158 [32minfo[39m: [32mSe envían valores de la api[39m
2024-10-17 12:03:58:358 [32minfo[39m: [32mSe envían valores de la api[39m
2024-10-17 12:05:58:558 [32minfo[39m: [32mSe envían valores de la api[39m
2024-10-17 12:07:59:759 [32minfo[39m: [32mSe envían valores de la api[39m
2024-10-17 12:09:59:959 [32minfo[39m: [32mSe envían valores de la api[39m
2024-10-17 12:11:59:1159 [32minfo[39m: [32mSe envían valores de la api[39m
2024-10-17 12:14:00:140 [32minfo[39m: [32mSe envían valores de la api[39m
2024-10-17 12:16:00:160 [32minfo[39m: [32mSe envían valores de la api[39m
2024-10-17 12:18:01:181 [32minfo[39m: [32mSe envían valores de la api[39m
2024-10-17 12:20:01:201 [32minfo[39m: [32mSe envían valores de la api[39m
2024-10-17 12:22:01:221 [32minfo[39m: [32mSe envían valores de la api[39m
2024-10-17 12:24:02:242 [32minfo[39m: [32mSe envían valores de la api[39m
2024-10-17 12:24:04:244 [31merror[39m: [31mError al enviar valores a la api con errorconnect ECONNREFUSED 192.168.0.239:8000[39m
2024-10-17 15:32:09:329 [32minfo[39m: [32mServicio Iniciado en el frigorífico: Emelka Chichinales  [39m
2024-10-17 15:32:09:329 [32minfo[39m: [32mConexión exitosa a la base de datos[39m
2024-10-17 15:32:09:329 [32minfo[39m: [32mSe obtuvo con exito la lista de sensores de la api[39m
2024-10-17 15:32:09:329 [32minfo[39m: [32mSe envían valores de la api[39m
2024-10-17 15:33:27:3327 [32minfo[39m: [32mServicio Iniciado en el frigorífico: Emelka Chichinales  [39m
2024-10-17 15:33:27:3327 [32minfo[39m: [32mConexión exitosa a la base de datos[39m
2024-10-17 15:33:27:3327 [32minfo[39m: [32mSe obtuvo con exito la lista de sensores de la api[39m
2024-10-17 15:33:27:3327 [32minfo[39m: [32mSe envían valores de la api[39m
2024-10-17 15:35:28:3528 [32minfo[39m: [32mSe envían valores de la api[39m
2024-10-17 15:37:43:3743 [32minfo[39m: [32mSe envían valores de la api[39m
2024-10-17 15:39:43:3943 [32minfo[39m: [32mSe envían valores de la api[39m
2024-10-17 15:41:44:4144 [32minfo[39m: [32mSe envían valores de la api[39m
2024-10-17 15:43:44:4344 [32minfo[39m: [32mSe envían valores de la api[39m
2024-10-17 15:45:44:4544 [32minfo[39m: [32mSe envían valores de la api[39m
2024-10-17 15:46:06:466 [31merror[39m: [31mError al enviar valores a la api con errorconnect ETIMEDOUT 192.168.0.239:8000[39m
2024-10-17 15:48:06:486 [32minfo[39m: [32mSe envían valores de la api[39m
2024-10-17 15:50:06:506 [32minfo[39m: [32mSe envían valores de la api[39m
2024-10-17 15:52:07:527 [32minfo[39m: [32mSe envían valores de la api[39m
2024-10-17 15:54:07:547 [32minfo[39m: [32mSe envían valores de la api[39m
2024-10-17 15:56:07:567 [32minfo[39m: [32mSe envían valores de la api[39m
2024-10-17 15:58:08:588 [32minfo[39m: [32mSe envían valores de la api[39m
2024-10-17 16:00:08:08 [32minfo[39m: [32mSe envían valores de la api[39m
2024-10-17 16:02:09:29 [32minfo[39m: [32mSe envían valores de la api[39m
2024-10-17 16:04:09:49 [32minfo[39m: [32mSe envían valores de la api[39m
2024-10-17 16:06:10:610 [32minfo[39m: [32mSe envían valores de la api[39m
2024-10-17 16:08:10:810 [32minfo[39m: [32mSe envían valores de la api[39m
2024-10-17 16:10:11:1011 [32minfo[39m: [32mSe envían valores de la api[39m
2024-10-17 16:12:11:1211 [32minfo[39m: [32mSe envían valores de la api[39m
2024-10-17 16:14:11:1411 [32minfo[39m: [32mSe envían valores de la api[39m
2024-10-17 16:16:12:1612 [32minfo[39m: [32mSe envían valores de la api[39m
2024-10-17 16:18:12:1812 [32minfo[39m: [32mSe envían valores de la api[39m
2024-10-17 16:20:13:2013 [32minfo[39m: [32mSe envían valores de la api[39m
2024-10-17 16:22:13:2213 [32minfo[39m: [32mSe envían valores de la api[39m
2024-10-17 16:24:13:2413 [32minfo[39m: [32mSe envían valores de la api[39m
2024-10-17 16:26:14:2614 [32minfo[39m: [32mSe envían valores de la api[39m
2024-10-17 16:28:14:2814 [32minfo[39m: [32mSe envían valores de la api[39m
2024-10-17 16:30:15:3015 [32minfo[39m: [32mSe envían valores de la api[39m
2024-10-17 16:32:15:3215 [32minfo[39m: [32mSe envían valores de la api[39m
2024-10-17 16:34:15:3415 [32minfo[39m: [32mSe envían valores de la api[39m
2024-10-17 16:36:16:3616 [32minfo[39m: [32mSe envían valores de la api[39m
2024-10-17 16:38:16:3816 [32minfo[39m: [32mSe envían valores de la api[39m
2024-10-17 16:40:17:4017 [32minfo[39m: [32mSe envían valores de la api[39m
2024-10-17 16:42:17:4217 [32minfo[39m: [32mSe envían valores de la api[39m
2024-10-17 16:44:18:4418 [32minfo[39m: [32mSe envían valores de la api[39m
2024-10-17 16:46:18:4618 [32minfo[39m: [32mSe envían valores de la api[39m
2024-10-17 16:48:18:4818 [32minfo[39m: [32mSe envían valores de la api[39m
2024-10-17 16:50:19:5019 [32minfo[39m: [32mSe envían valores de la api[39m
2024-10-17 16:52:19:5219 [32minfo[39m: [32mSe envían valores de la api[39m
2024-10-17 16:54:19:5419 [32minfo[39m: [32mSe envían valores de la api[39m
2024-10-17 16:56:20:5620 [32minfo[39m: [32mSe envían valores de la api[39m
2024-10-17 16:58:20:5820 [32minfo[39m: [32mSe envían valores de la api[39m
2024-10-17 17:00:20:020 [32minfo[39m: [32mSe envían valores de la api[39m
2024-10-17 17:02:21:221 [32minfo[39m: [32mSe envían valores de la api[39m
2024-10-17 17:04:21:421 [32minfo[39m: [32mSe envían valores de la api[39m
2024-10-17 17:06:22:622 [32minfo[39m: [32mSe envían valores de la api[39m
2024-10-17 17:08:22:822 [32minfo[39m: [32mSe envían valores de la api[39m
2024-10-17 17:10:23:1023 [32minfo[39m: [32mSe envían valores de la api[39m
2024-10-17 17:12:23:1223 [32minfo[39m: [32mSe envían valores de la api[39m
2024-10-17 17:14:23:1423 [32minfo[39m: [32mSe envían valores de la api[39m
2024-10-17 17:16:24:1624 [32minfo[39m: [32mSe envían valores de la api[39m
2024-10-17 17:18:24:1824 [32minfo[39m: [32mSe envían valores de la api[39m
2024-10-17 17:20:25:2025 [32minfo[39m: [32mSe envían valores de la api[39m
2024-10-17 17:22:25:2225 [32minfo[39m: [32mSe envían valores de la api[39m
2024-10-17 17:24:25:2425 [32minfo[39m: [32mSe envían valores de la api[39m
2024-10-17 17:26:26:2626 [32minfo[39m: [32mSe envían valores de la api[39m
2024-10-17 17:28:26:2826 [32minfo[39m: [32mSe envían valores de la api[39m
2024-10-17 17:30:27:3027 [32minfo[39m: [32mSe envían valores de la api[39m
2024-10-17 17:32:27:3227 [32minfo[39m: [32mSe envían valores de la api[39m
2024-10-17 17:34:27:3427 [32minfo[39m: [32mSe envían valores de la api[39m
2024-10-17 17:36:28:3628 [32minfo[39m: [32mSe envían valores de la api[39m
2024-10-17 17:38:28:3828 [32minfo[39m: [32mSe envían valores de la api[39m
2024-10-17 17:40:29:4029 [32minfo[39m: [32mSe envían valores de la api[39m
2024-10-17 17:42:29:4229 [32minfo[39m: [32mSe envían valores de la api[39m
2024-10-17 17:44:30:4430 [32minfo[39m: [32mSe envían valores de la api[39m
2024-10-17 17:46:30:4630 [32minfo[39m: [32mSe envían valores de la api[39m
2024-10-17 17:48:30:4830 [32minfo[39m: [32mSe envían valores de la api[39m
2024-10-17 17:50:31:5031 [32minfo[39m: [32mSe envían valores de la api[39m
2024-10-17 17:52:31:5231 [32minfo[39m: [32mSe envían valores de la api[39m
2024-10-17 17:54:32:5432 [32minfo[39m: [32mSe envían valores de la api[39m
2024-10-17 17:55:37:5537 [32minfo[39m: [32mServicio Iniciado en el frigorífico: Emelka Chichinales  [39m
2024-10-17 17:55:37:5537 [32minfo[39m: [32mConexión exitosa a la base de datos[39m
2024-10-17 17:55:37:5537 [32minfo[39m: [32mSe obtuvo con exito la lista de sensores de la api[39m
2024-10-17 17:55:37:5537 [32minfo[39m: [32mSe envían valores a la api[39m
2024-10-17 17:57:38:5738 [32minfo[39m: [32mSe envían valores a la api[39m
2024-10-17 17:59:38:5938 [32minfo[39m: [32mSe envían valores a la api[39m
2024-10-17 18:01:38:138 [32minfo[39m: [32mSe envían valores a la api[39m
2024-10-17 18:03:39:339 [32minfo[39m: [32mSe envían valores a la api[39m
2024-10-17 18:05:39:539 [32minfo[39m: [32mSe envían valores a la api[39m
2024-10-17 18:07:43:743 [32minfo[39m: [32mSe envían valores a la api[39m
2024-10-17 18:09:43:943 [32minfo[39m: [32mSe envían valores a la api[39m
2024-10-17 18:11:44:1144 [32minfo[39m: [32mSe envían valores a la api[39m
2024-10-17 18:13:44:1344 [32minfo[39m: [32mSe envían valores a la api[39m
2024-10-17 18:15:44:1544 [32minfo[39m: [32mSe envían valores a la api[39m
2024-10-17 18:17:45:1745 [32minfo[39m: [32mSe envían valores a la api[39m
2024-10-17 18:19:45:1945 [32minfo[39m: [32mSe envían valores a la api[39m
2024-10-17 18:21:45:2145 [32minfo[39m: [32mSe envían valores a la api[39m
2024-10-17 18:23:46:2346 [32minfo[39m: [32mSe envían valores a la api[39m
2024-10-17 18:25:46:2546 [32minfo[39m: [32mSe envían valores a la api[39m
2024-10-17 18:27:47:2747 [32minfo[39m: [32mSe envían valores a la api[39m
2024-10-17 18:29:47:2947 [32minfo[39m: [32mSe envían valores a la api[39m
2024-10-17 18:31:47:3147 [32minfo[39m: [32mSe envían valores a la api[39m
2024-10-17 18:33:48:3348 [32minfo[39m: [32mSe envían valores a la api[39m
2024-10-17 18:35:48:3548 [32minfo[39m: [32mSe envían valores a la api[39m
2024-10-17 18:37:49:3749 [32minfo[39m: [32mSe envían valores a la api[39m
2024-10-17 18:39:49:3949 [32minfo[39m: [32mSe envían valores a la api[39m
2024-10-17 18:41:49:4149 [32minfo[39m: [32mSe envían valores a la api[39m
2024-10-17 18:43:50:4350 [32minfo[39m: [32mSe envían valores a la api[39m
2024-10-17 18:45:50:4550 [32minfo[39m: [32mSe envían valores a la api[39m
2024-10-17 18:47:50:4750 [32minfo[39m: [32mSe envían valores a la api[39m
2024-10-17 18:49:51:4951 [32minfo[39m: [32mSe envían valores a la api[39m
2024-10-17 18:51:51:5151 [32minfo[39m: [32mSe envían valores a la api[39m
2024-10-17 18:53:52:5352 [32minfo[39m: [32mSe envían valores a la api[39m
2024-10-17 18:55:52:5552 [32minfo[39m: [32mSe envían valores a la api[39m
2024-10-17 18:57:53:5753 [32minfo[39m: [32mSe envían valores a la api[39m
2024-10-17 18:59:53:5953 [32minfo[39m: [32mSe envían valores a la api[39m
2024-10-17 19:01:54:154 [32minfo[39m: [32mSe envían valores a la api[39m
2024-10-17 19:03:54:354 [32minfo[39m: [32mSe envían valores a la api[39m
2024-10-17 19:05:54:554 [32minfo[39m: [32mSe envían valores a la api[39m
2024-10-17 19:07:55:755 [32minfo[39m: [32mSe envían valores a la api[39m
2024-10-17 19:09:55:955 [32minfo[39m: [32mSe envían valores a la api[39m
2024-10-17 19:11:55:1155 [32minfo[39m: [32mSe envían valores a la api[39m
2024-10-17 19:13:56:1356 [32minfo[39m: [32mSe envían valores a la api[39m
2024-10-17 19:15:56:1556 [32minfo[39m: [32mSe envían valores a la api[39m
2024-10-17 19:17:57:1757 [32minfo[39m: [32mSe envían valores a la api[39m
2024-10-17 19:19:57:1957 [32minfo[39m: [32mSe envían valores a la api[39m
2024-10-17 19:21:58:2158 [32minfo[39m: [32mSe envían valores a la api[39m
2024-10-17 19:23:58:2358 [32minfo[39m: [32mSe envían valores a la api[39m
2024-10-17 19:25:58:2558 [32minfo[39m: [32mSe envían valores a la api[39m
2024-10-17 19:27:59:2759 [32minfo[39m: [32mSe envían valores a la api[39m
2024-10-17 19:29:59:2959 [32minfo[39m: [32mSe envían valores a la api[39m
2024-10-17 19:32:00:320 [32minfo[39m: [32mSe envían valores a la api[39m
2024-10-17 19:34:03:343 [32minfo[39m: [32mSe envían valores a la api[39m
2024-10-17 19:36:03:363 [32minfo[39m: [32mSe envían valores a la api[39m
2024-10-17 19:38:04:384 [32minfo[39m: [32mSe envían valores a la api[39m
2024-10-17 19:40:04:404 [32minfo[39m: [32mSe envían valores a la api[39m
2024-10-17 19:42:05:425 [32minfo[39m: [32mSe envían valores a la api[39m
2024-10-17 19:44:05:445 [32minfo[39m: [32mSe envían valores a la api[39m
2024-10-17 19:46:05:465 [32minfo[39m: [32mSe envían valores a la api[39m
2024-10-17 19:48:06:486 [32minfo[39m: [32mSe envían valores a la api[39m
2024-10-17 19:50:06:506 [32minfo[39m: [32mSe envían valores a la api[39m
2024-10-17 19:52:07:527 [32minfo[39m: [32mSe envían valores a la api[39m
2024-10-17 19:54:07:547 [32minfo[39m: [32mSe envían valores a la api[39m
2024-10-17 19:56:08:568 [32minfo[39m: [32mSe envían valores a la api[39m
2024-10-17 19:59:05:595 [32minfo[39m: [32mServicio Iniciado en el frigorífico: Emelka Chichinales  [39m
2024-10-17 19:59:05:595 [32minfo[39m: [32mConexión exitosa a la base de datos[39m
2024-10-17 19:59:05:595 [32minfo[39m: [32mSe obtuvo con exito la lista de sensores de la api[39m
2024-10-17 19:59:06:596 [32minfo[39m: [32mSe envían valores a la api[39m
2024-10-17 20:01:06:16 [32minfo[39m: [32mSe envían valores a la api[39m
2024-10-17 20:03:06:36 [32minfo[39m: [32mSe envían valores a la api[39m
2024-10-17 20:05:07:57 [32minfo[39m: [32mSe envían valores a la api[39m
2024-10-17 20:07:07:77 [32minfo[39m: [32mSe envían valores a la api[39m
2024-10-17 20:09:08:98 [32minfo[39m: [32mSe envían valores a la api[39m
2024-10-17 20:11:08:118 [32minfo[39m: [32mSe envían valores a la api[39m
2024-10-17 20:13:08:138 [32minfo[39m: [32mSe envían valores a la api[39m
2024-10-17 20:15:09:159 [32minfo[39m: [32mSe envían valores a la api[39m
2024-10-17 20:17:09:179 [32minfo[39m: [32mSe envían valores a la api[39m
2024-10-17 20:19:09:199 [32minfo[39m: [32mSe envían valores a la api[39m
2024-10-17 20:21:10:2110 [32minfo[39m: [32mSe envían valores a la api[39m
2024-10-17 20:23:10:2310 [32minfo[39m: [32mSe envían valores a la api[39m
2024-10-17 20:25:10:2510 [32minfo[39m: [32mSe envían valores a la api[39m
2024-10-17 20:27:11:2711 [32minfo[39m: [32mSe envían valores a la api[39m
2024-10-17 20:29:11:2911 [32minfo[39m: [32mSe envían valores a la api[39m
2024-10-17 20:31:11:3111 [32minfo[39m: [32mSe envían valores a la api[39m
2024-10-17 20:33:12:3312 [32minfo[39m: [32mSe envían valores a la api[39m
2024-10-17 20:35:12:3512 [32minfo[39m: [32mSe envían valores a la api[39m
2024-10-17 20:37:13:3713 [32minfo[39m: [32mSe envían valores a la api[39m
2024-10-17 20:39:13:3913 [32minfo[39m: [32mSe envían valores a la api[39m
2024-10-17 20:41:13:4113 [32minfo[39m: [32mSe envían valores a la api[39m
2024-10-17 20:43:14:4314 [32minfo[39m: [32mSe envían valores a la api[39m
2024-10-17 20:45:14:4514 [32minfo[39m: [32mSe envían valores a la api[39m
2024-10-17 20:47:14:4714 [32minfo[39m: [32mSe envían valores a la api[39m
2024-10-17 20:49:14:4914 [32minfo[39m: [32mSe envían valores a la api[39m
2024-10-17 20:51:15:5115 [32minfo[39m: [32mSe envían valores a la api[39m
2024-10-17 20:53:15:5315 [32minfo[39m: [32mSe envían valores a la api[39m
2024-10-17 20:55:15:5515 [32minfo[39m: [32mSe envían valores a la api[39m
2024-10-17 20:57:16:5716 [32minfo[39m: [32mSe envían valores a la api[39m
2024-10-17 20:59:16:5916 [32minfo[39m: [32mSe envían valores a la api[39m
2024-10-17 21:01:32:132 [32minfo[39m: [32mSe envían valores a la api[39m
2024-10-17 21:03:32:332 [32minfo[39m: [32mSe envían valores a la api[39m
2024-10-17 21:05:32:532 [32minfo[39m: [32mSe envían valores a la api[39m
2024-10-17 21:07:33:733 [32minfo[39m: [32mSe envían valores a la api[39m
2024-10-17 21:09:33:933 [32minfo[39m: [32mSe envían valores a la api[39m
2024-10-17 21:11:33:1133 [32minfo[39m: [32mSe envían valores a la api[39m
2024-10-17 21:13:34:1334 [32minfo[39m: [32mSe envían valores a la api[39m
2024-10-17 21:15:34:1534 [32minfo[39m: [32mSe envían valores a la api[39m
2024-10-17 21:17:35:1735 [32minfo[39m: [32mSe envían valores a la api[39m
2024-10-17 21:19:35:1935 [32minfo[39m: [32mSe envían valores a la api[39m
2024-10-17 21:21:35:2135 [32minfo[39m: [32mSe envían valores a la api[39m
2024-10-17 21:23:36:2336 [32minfo[39m: [32mSe envían valores a la api[39m
2024-10-17 21:25:36:2536 [32minfo[39m: [32mSe envían valores a la api[39m
2024-10-17 21:27:36:2736 [32minfo[39m: [32mSe envían valores a la api[39m
2024-10-17 21:29:37:2937 [32minfo[39m: [32mSe envían valores a la api[39m
2024-10-17 21:31:37:3137 [32minfo[39m: [32mSe envían valores a la api[39m
2024-10-17 21:33:37:3337 [32minfo[39m: [32mSe envían valores a la api[39m
2024-10-17 21:35:38:3538 [32minfo[39m: [32mSe envían valores a la api[39m
2024-10-17 21:37:38:3738 [32minfo[39m: [32mSe envían valores a la api[39m
2024-10-17 21:39:38:3938 [32minfo[39m: [32mSe envían valores a la api[39m
2024-10-17 21:41:39:4139 [32minfo[39m: [32mSe envían valores a la api[39m
2024-10-17 21:43:39:4339 [32minfo[39m: [32mSe envían valores a la api[39m
2024-10-17 21:45:39:4539 [32minfo[39m: [32mSe envían valores a la api[39m
2024-10-17 21:47:40:4740 [32minfo[39m: [32mSe envían valores a la api[39m
2024-10-17 21:49:40:4940 [32minfo[39m: [32mSe envían valores a la api[39m
2024-10-17 21:51:40:5140 [32minfo[39m: [32mSe envían valores a la api[39m
2024-10-17 21:53:41:5341 [32minfo[39m: [32mSe envían valores a la api[39m
2024-10-17 21:55:41:5541 [32minfo[39m: [32mSe envían valores a la api[39m
2024-10-17 21:57:43:5743 [32minfo[39m: [32mSe envían valores a la api[39m
2024-10-17 21:59:43:5943 [32minfo[39m: [32mSe envían valores a la api[39m
2024-10-17 22:01:43:143 [32minfo[39m: [32mSe envían valores a la api[39m
2024-10-17 22:03:43:343 [32minfo[39m: [32mSe envían valores a la api[39m
2024-10-17 22:05:44:544 [32minfo[39m: [32mSe envían valores a la api[39m
2024-10-17 22:07:44:744 [32minfo[39m: [32mSe envían valores a la api[39m
2024-10-17 22:09:45:945 [32minfo[39m: [32mSe envían valores a la api[39m
2024-10-17 22:11:45:1145 [32minfo[39m: [32mSe envían valores a la api[39m
2024-10-17 22:13:45:1345 [32minfo[39m: [32mSe envían valores a la api[39m
2024-10-17 22:15:46:1546 [32minfo[39m: [32mSe envían valores a la api[39m
2024-10-17 22:17:53:1753 [32minfo[39m: [32mSe envían valores a la api[39m
2024-10-17 22:19:53:1953 [32minfo[39m: [32mSe envían valores a la api[39m
2024-10-17 22:21:54:2154 [32minfo[39m: [32mSe envían valores a la api[39m
2024-10-17 22:23:54:2354 [32minfo[39m: [32mSe envían valores a la api[39m
2024-10-17 22:26:01:261 [32minfo[39m: [32mSe envían valores a la api[39m
2024-10-17 22:28:02:282 [32minfo[39m: [32mSe envían valores a la api[39m
2024-10-17 22:30:02:302 [32minfo[39m: [32mSe envían valores a la api[39m
2024-10-17 22:32:02:322 [32minfo[39m: [32mSe envían valores a la api[39m
2024-10-17 22:34:03:343 [32minfo[39m: [32mSe envían valores a la api[39m
2024-10-17 22:36:03:363 [32minfo[39m: [32mSe envían valores a la api[39m
2024-10-17 22:38:03:383 [32minfo[39m: [32mSe envían valores a la api[39m
2024-10-17 22:40:04:404 [32minfo[39m: [32mSe envían valores a la api[39m
2024-10-17 22:42:04:424 [32minfo[39m: [32mSe envían valores a la api[39m
2024-10-17 22:44:04:444 [32minfo[39m: [32mSe envían valores a la api[39m
2024-10-17 22:46:05:465 [32minfo[39m: [32mSe envían valores a la api[39m
2024-10-17 22:48:05:485 [32minfo[39m: [32mSe envían valores a la api[39m
2024-10-17 22:50:05:505 [32minfo[39m: [32mSe envían valores a la api[39m
2024-10-17 22:52:06:526 [32minfo[39m: [32mSe envían valores a la api[39m
2024-10-17 22:54:06:546 [32minfo[39m: [32mSe envían valores a la api[39m
2024-10-17 22:56:06:566 [32minfo[39m: [32mSe envían valores a la api[39m
2024-10-17 22:58:07:587 [32minfo[39m: [32mSe envían valores a la api[39m
2024-10-17 23:00:07:07 [32minfo[39m: [32mSe envían valores a la api[39m
2024-10-17 23:02:07:27 [32minfo[39m: [32mSe envían valores a la api[39m
2024-10-17 23:04:08:48 [32minfo[39m: [32mSe envían valores a la api[39m
2024-10-17 23:06:08:68 [32minfo[39m: [32mSe envían valores a la api[39m
2024-10-17 23:08:08:88 [32minfo[39m: [32mSe envían valores a la api[39m
2024-10-17 23:10:09:109 [32minfo[39m: [32mSe envían valores a la api[39m
2024-10-17 23:12:09:129 [32minfo[39m: [32mSe envían valores a la api[39m
2024-10-17 23:14:09:149 [32minfo[39m: [32mSe envían valores a la api[39m
2024-10-17 23:16:10:1610 [32minfo[39m: [32mSe envían valores a la api[39m
2024-10-17 23:18:10:1810 [32minfo[39m: [32mSe envían valores a la api[39m
2024-10-17 23:20:10:2010 [32minfo[39m: [32mSe envían valores a la api[39m
2024-10-17 23:22:11:2211 [32minfo[39m: [32mSe envían valores a la api[39m
2024-10-17 23:24:11:2411 [32minfo[39m: [32mSe envían valores a la api[39m
2024-10-17 23:26:11:2611 [32minfo[39m: [32mSe envían valores a la api[39m
2024-10-17 23:28:11:2811 [32minfo[39m: [32mSe envían valores a la api[39m
2024-10-17 23:30:12:3012 [32minfo[39m: [32mSe envían valores a la api[39m
2024-10-17 23:32:12:3212 [32minfo[39m: [32mSe envían valores a la api[39m
2024-10-17 23:34:13:3413 [32minfo[39m: [32mSe envían valores a la api[39m
2024-10-17 23:36:20:3620 [32minfo[39m: [32mSe envían valores a la api[39m
2024-10-17 23:38:20:3820 [32minfo[39m: [32mSe envían valores a la api[39m
2024-10-17 23:40:21:4021 [32minfo[39m: [32mSe envían valores a la api[39m
2024-10-17 23:42:21:4221 [32minfo[39m: [32mSe envían valores a la api[39m
2024-10-17 23:44:21:4421 [32minfo[39m: [32mSe envían valores a la api[39m
2024-10-17 23:46:22:4622 [32minfo[39m: [32mSe envían valores a la api[39m
2024-10-17 23:48:22:4822 [32minfo[39m: [32mSe envían valores a la api[39m
2024-10-17 23:50:23:5023 [32minfo[39m: [32mSe envían valores a la api[39m
2024-10-17 23:52:23:5223 [32minfo[39m: [32mSe envían valores a la api[39m
2024-10-17 23:54:23:5423 [32minfo[39m: [32mSe envían valores a la api[39m
2024-10-17 23:56:24:5624 [32minfo[39m: [32mSe envían valores a la api[39m
2024-10-17 23:58:24:5824 [32minfo[39m: [32mSe envían valores a la api[39m
